<?xml version="1.0" encoding="UTF-8"?>
<testsuite xmlns:xsi="http://www.w3.org/2001/XMLSchema-instance" xsi:noNamespaceSchemaLocation="https://maven.apache.org/surefire/maven-surefire-plugin/xsd/surefire-test-report-3.0.xsd" version="3.0" name="com.insurance.uw.application.service.FeatureConfigApplicationServiceTest$ScriptManagement" time="0.003" tests="5" errors="0" skipped="0" failures="0">
  <properties>
[...]
</properties>
  <testcase name="listScripts" classname="com.insurance.uw.application.service.FeatureConfigApplicationServiceTest$ScriptManagement" time="0.001"/>
  <testcase name="updateScript" classname="com.insurance.uw.application.service.FeatureConfigApplicationServiceTest$ScriptManagement" time="0.0"/>
  <testcase name="deleteScript" classname="com.insurance.uw.application.service.FeatureConfigApplicationServiceTest$ScriptManagement" time="0.0"/>
  <testcase name="getScript" classname="com.insurance.uw.application.service.FeatureConfigApplicationServiceTest$ScriptManagement" time="0.0"/>
  <testcase name="saveScript" classname="com.insurance.uw.application.service.FeatureConfigApplicationServiceTest$ScriptManagement" time="0.0"/>
</testsuite>